<?xml version="1.0" encoding="utf-8"?><testsuites name="pytest tests"><testsuite name="pytest" errors="0" failures="0" skipped="0" tests="6" time="13.903" timestamp="2026-08-10T05:32:18.089440+00:00" hostname="agent-env-0e36c4bf-723e-42ad-b8a3-d68b051df6f0"><testcase classname="tests.test_closing_resume" name="test_settings_persist_new_fields" time="0.578" /><testcase classname="tests.test_closing_resume" name="test_closing_resume_fires_on_close" time="5.296" /><testcase classname="tests.test_closing_resume" name="test_closing_resume_not_fired_when_off" time="4.237" /><testcase classname="tests.test_closing_resume" name="test_close_still_succeeds_when_main_group_empty" time="3.164" /><testcase classname="tests.test_closing_resume" name="test_resolve_requires_final_solution" time="0.383" /><testcase classname="tests.test_closing_resume" name="test_zzz_reset_settings" time="0.191" /></testsuite></testsuites>