<?xml version="1.0" encoding="utf-8"?><testsuites name="pytest tests"><testsuite name="pytest" errors="0" failures="0" skipped="0" tests="7" time="10.424" timestamp="2026-08-10T09:10:01.842190+00:00" hostname="agent-env-c8457f67-eeee-48d8-9c64-78c923148d66"><testcase classname="tests.test_closing_resume_public_track" name="test_auth_me" time="0.596" /><testcase classname="tests.test_closing_resume_public_track" name="test_configure_settings" time="0.133" /><testcase classname="tests.test_closing_resume_public_track" name="test_closing_resume_log_created" time="8.689" /><testcase classname="tests.test_closing_resume_public_track" name="test_message_has_public_track_link_only" time="0.097" /><testcase classname="tests.test_closing_resume_public_track" name="test_public_track_endpoint_no_auth" time="0.234" /><testcase classname="tests.test_closing_resume_public_track" name="test_lifecycle_notifications_fire" time="0.096" /><testcase classname="tests.test_closing_resume_public_track" name="test_zzz_cleanup" time="0.236" /></testsuite></testsuites>