<?xml version="1.0" encoding="utf-8"?><testsuites name="pytest tests"><testsuite name="pytest" errors="0" failures="0" skipped="0" tests="9" time="19.615" timestamp="2026-08-11T05:52:32.116536+00:00" hostname="agent-env-c8457f67-eeee-48d8-9c64-78c923148d66"><testcase classname="tests.test_iter9_psb_multigangguan" name="test_gangguan_regression_no_ticket_type" time="4.849" /><testcase classname="tests.test_iter9_psb_multigangguan" name="test_psb_create_persists_fields" time="1.080" /><testcase classname="tests.test_iter9_psb_multigangguan" name="test_psb_full_lifecycle" time="5.189" /><testcase classname="tests.test_iter9_psb_multigangguan" name="test_psb_closing_resume_and_public_track" time="0.209" /><testcase classname="tests.test_iter9_psb_multigangguan" name="test_mg_create_persists_affected" time="1.087" /><testcase classname="tests.test_iter9_psb_multigangguan" name="test_mg_resolve_gating_and_endpoints" time="5.662" /><testcase classname="tests.test_iter9_psb_multigangguan" name="test_mg_closing_resume_jenis_and_public_track" time="0.260" /><testcase classname="tests.test_iter9_psb_multigangguan" name="test_list_filter_by_type" time="0.311" /><testcase classname="tests.test_iter9_psb_multigangguan" name="test_zzz_cleanup_mongo" time="0.084" /></testsuite></testsuites>