<?xml version="1.0" encoding="utf-8"?><testsuites name="pytest tests"><testsuite name="pytest" errors="0" failures="0" skipped="0" tests="7" time="13.918" timestamp="2026-08-10T09:42:09.968249+00:00" hostname="agent-env-c8457f67-eeee-48d8-9c64-78c923148d66"><testcase classname="tests.test_iter8_closing_resume_and_files" name="test_auth_me" time="0.621" /><testcase classname="tests.test_iter8_closing_resume_and_files" name="test_configure_settings" time="0.098" /><testcase classname="tests.test_iter8_closing_resume_and_files" name="test_closing_resume_message_new_format" time="11.478" /><testcase classname="tests.test_iter8_closing_resume_and_files" name="test_image_classification_ok" time="0.000" /><testcase classname="tests.test_iter8_closing_resume_and_files" name="test_public_tracking_payload" time="0.668" /><testcase classname="tests.test_iter8_closing_resume_and_files" name="test_lifecycle_default_group_logs" time="0.137" /><testcase classname="tests.test_iter8_closing_resume_and_files" name="test_zzz_cleanup_mongo" time="0.077" /></testsuite></testsuites>