<?xml version="1.0" encoding="utf-8"?><testsuites name="pytest tests"><testsuite name="pytest" errors="0" failures="0" skipped="0" tests="9" time="3.299" timestamp="2026-08-09T14:35:49.198367+00:00" hostname="agent-env-534ec43d-8146-4466-9853-e7c01ec14a6c"><testcase classname="tests.test_olt_provisioning" name="test_prov_settings_get_default_enabled" time="0.517" /><testcase classname="tests.test_olt_provisioning" name="test_prov_settings_toggle_persists" time="0.321" /><testcase classname="tests.test_olt_provisioning" name="test_prov_profile_crud" time="0.414" /><testcase classname="tests.test_olt_provisioning" name="test_authorize_dry_run" time="0.250" /><testcase classname="tests.test_olt_provisioning" name="test_reboot_dry_run" time="0.099" /><testcase classname="tests.test_olt_provisioning" name="test_rename_dry_run" time="0.115" /><testcase classname="tests.test_olt_provisioning" name="test_delete_dry_run" time="0.106" /><testcase classname="tests.test_olt_provisioning" name="test_gate_returns_403_when_disabled" time="0.415" /><testcase classname="tests.test_olt_provisioning" name="test_teknisi_cannot_provision" time="0.526" /></testsuite></testsuites>