<?xml version="1.0" encoding="utf-8"?><testsuites name="pytest tests"><testsuite name="pytest" errors="0" failures="0" skipped="0" tests="10" time="6.358" timestamp="2026-08-10T03:59:01.275551+00:00" hostname="agent-env-0e36c4bf-723e-42ad-b8a3-d68b051df6f0"><testcase classname="tests.test_reassign_flow" name="test_technicians_endpoint_only_engineer_teknisi" time="1.867" /><testcase classname="tests.test_reassign_flow" name="test_case1_admin_reassign" time="0.453" /><testcase classname="tests.test_reassign_flow" name="test_case2_holder_reassign" time="0.412" /><testcase classname="tests.test_reassign_flow" name="test_case3_supervisor_non_holder_forbidden" time="0.409" /><testcase classname="tests.test_reassign_flow" name="test_case3_teknisi_non_holder_forbidden" time="0.448" /><testcase classname="tests.test_reassign_flow" name="test_reassign_invalid_role_target[b6ea8dfa-1e36-4362-b2a9-f19d97d73746-viewer]" time="0.431" /><testcase classname="tests.test_reassign_flow" name="test_reassign_invalid_role_target[0c8b3a89-4379-439e-aaa8-4c568db1dc4e-admin]" time="0.421" /><testcase classname="tests.test_reassign_flow" name="test_reassign_same_current" time="0.504" /><testcase classname="tests.test_reassign_flow" name="test_reassign_wrong_status_masuk" time="0.329" /><testcase classname="tests.test_reassign_flow" name="test_history_appending_and_segments" time="0.535" /></testsuite></testsuites>