<?xml version="1.0" encoding="utf-8"?><testsuites name="pytest tests"><testsuite name="pytest" errors="0" failures="0" skipped="0" tests="11" time="2.507" timestamp="2026-08-09T13:56:37.733210+00:00" hostname="agent-env-534ec43d-8146-4466-9853-e7c01ec14a6c"><testcase classname="tests.test_smoke_deploy" name="test_login_success" time="0.419" /><testcase classname="tests.test_smoke_deploy" name="test_login_invalid" time="0.318" /><testcase classname="tests.test_smoke_deploy" name="test_auth_me" time="0.422" /><testcase classname="tests.test_smoke_deploy" name="test_authenticated_get_endpoints[/api/crm/tickets]" time="0.130" /><testcase classname="tests.test_smoke_deploy" name="test_authenticated_get_endpoints[/api/crm/categories]" time="0.096" /><testcase classname="tests.test_smoke_deploy" name="test_authenticated_get_endpoints[/api/crm/technicians]" time="0.100" /><testcase classname="tests.test_smoke_deploy" name="test_authenticated_get_endpoints[/api/crm/stats]" time="0.107" /><testcase classname="tests.test_smoke_deploy" name="test_authenticated_get_endpoints[/api/topology/entities]" time="0.094" /><testcase classname="tests.test_smoke_deploy" name="test_authenticated_get_endpoints[/api/topology/graph]" time="0.104" /><testcase classname="tests.test_smoke_deploy" name="test_authenticated_get_endpoints[/api/notifications/providers]" time="0.097" /><testcase classname="tests.test_smoke_deploy" name="test_no_auth_returns_401" time="0.090" /></testsuite></testsuites>