<?xml version="1.0" encoding="utf-8"?><testsuites name="pytest tests"><testsuite name="pytest" errors="0" failures="0" skipped="0" tests="12" time="9.422" timestamp="2026-08-09T15:33:37.194170+00:00" hostname="agent-env-534ec43d-8146-4466-9853-e7c01ec14a6c"><testcase classname="tests.test_vsol_adapter" name="test_get_onu_states_distinct_statuses" time="0.001" /><testcase classname="tests.test_vsol_adapter" name="test_get_onu_detail_normalized_fields" time="0.001" /><testcase classname="tests.test_vsol_adapter" name="test_no_credentials_leak_in_detail_or_running_config" time="0.001" /><testcase classname="tests.test_vsol_adapter" name="test_parse_running_config_safe_drops_secrets" time="0.000" /><testcase classname="tests.test_vsol_adapter" name="test_catalog_contains_vsol_and_zte" time="0.460" /><testcase classname="tests.test_vsol_adapter" name="test_vsol_summary_flags_no_provisioning" time="0.305" /><testcase classname="tests.test_vsol_adapter" name="test_vsol_poll_graceful_no_500" time="6.369" /><testcase classname="tests.test_vsol_adapter" name="test_vsol_provision_authorize_refused" time="0.338" /><testcase classname="tests.test_vsol_adapter" name="test_vsol_reboot_refused" time="0.301" /><testcase classname="tests.test_vsol_adapter" name="test_vsol_rename_refused" time="0.305" /><testcase classname="tests.test_vsol_adapter" name="test_vsol_delete_provision_refused" time="0.300" /><testcase classname="tests.test_vsol_adapter" name="test_zte_c320_provisioning_still_works" time="0.528" /></testsuite></testsuites>