<?xml version="1.0" encoding="utf-8"?><testsuites name="pytest tests"><testsuite name="pytest" errors="0" failures="0" skipped="0" tests="9" time="2.403" timestamp="2026-08-10T02:53:21.448239+00:00" hostname="agent-env-0e36c4bf-723e-42ad-b8a3-d68b051df6f0"><testcase classname="tests.test_vsol_provisioning" name="test_vsol_supports_provisioning_in_list" time="0.698" /><testcase classname="tests.test_vsol_provisioning" name="test_vsol_supports_provisioning_in_summary" time="0.112" /><testcase classname="tests.test_vsol_provisioning" name="test_zte_supports_provisioning_still_true" time="0.104" /><testcase classname="tests.test_vsol_provisioning" name="test_vsol_authorize_preview" time="0.141" /><testcase classname="tests.test_vsol_provisioning" name="test_vsol_reboot_preview" time="0.115" /><testcase classname="tests.test_vsol_provisioning" name="test_vsol_rename_preview" time="0.106" /><testcase classname="tests.test_vsol_provisioning" name="test_vsol_delete_preview" time="0.109" /><testcase classname="tests.test_vsol_provisioning" name="test_teknisi_blocked_on_vsol_authorize" time="0.420" /><testcase classname="tests.test_vsol_provisioning" name="test_zte_authorize_preview_style" time="0.108" /></testsuite></testsuites>